{"level":"INFO","message":"[10:05:44.867 PM]: Creating new connection object"}
{"level":"INFO","message":"[10:05:44.897 PM]: Creating Connection[id: 08e69c27-26a8-4eb5-b3e1-e05dc90fe02e] with host: PCWGGOH-UR97942.snowflakecomputing.com, account: PCWGGOH-UR97942, accessUrl: https://PCWGGOH-UR97942.snowflakecomputing.com, user: ALJONSKI34, role: ACCOUNTADMIN, database: ACCUWEATHERSAMPLE, schema: PUBLIC, warehouse: COMPUTE_WH, proxy was not configured, password is provided, region: undefined, authenticator: EXTERNALBROWSER, ocsp mode: FAIL_OPEN, os: win32, os version: 10.0.19045"}
{"level":"INFO","message":"[10:05:44.900 PM]: Connection[id: 08e69c27-26a8-4eb5-b3e1-e05dc90fe02e] additional details: passcode in password is provided, passcode is not provided, private key is not provided, application: undefined, client name: snowflake-sdk, client version: 2.0.3, retry timeout: 300, private key path: undefined, private key pass is not provided, client store temporary credential: false, browser response timeout: 120000"}
{"level":"INFO","message":"[10:05:44.901 PM]: Connection[id: 08e69c27-26a8-4eb5-b3e1-e05dc90fe02e] - connection object created successfully."}
{"level":"INFO","message":"[10:05:44.902 PM]: Connection[id: 08e69c27-26a8-4eb5-b3e1-e05dc90fe02e] - async connecting. Associated Snowflake domain: GLOBAL"}
{"level":"INFO","message":"[10:05:44.906 PM]: Trying to initialize Easy Logging"}
{"level":"INFO","message":"[10:05:44.997 PM]: No client config detected."}
{"level":"INFO","message":"[10:05:44.999 PM]: No config file path found. Client config will not be used."}
{"level":"INFO","message":"[10:05:45.001 PM]: Easy Logging is disabled as no config has been found"}
{"level":"INFO","message":"[10:05:47.589 PM]: Connection[id: 08e69c27-26a8-4eb5-b3e1-e05dc90fe02e] - failed to connect async after 2685.991 milliseconds.Failed during authentication. Error: TypeError: Cannot read properties of null (reading 'proofKey')\n    at AuthWeb.authenticate (C:\\Users\\Meow_Dev\\Desktop\\SnowFlake\\node_modules\\snowflake-sdk\\lib\\authentication\\auth_web.js:86:25)\n    at process.processTicksAndRejections (node:internal/process/task_queues:105:5)\n    at async Connection.connectAsync (C:\\Users\\Meow_Dev\\Desktop\\SnowFlake\\node_m"}
{"level":"ERROR","message":"[10:05:47.591 PM]: Connection[id: 08e69c27-26a8-4eb5-b3e1-e05dc90fe02e] - failed during authentication. Error: TypeError: Cannot read properties of null (reading 'proofKey')\n    at AuthWeb.authenticate (C:\\Users\\Meow_Dev\\Desktop\\SnowFlake\\node_modules\\snowflake-sdk\\lib\\authentication\\auth_web.js:86:25)\n    at process.processTicksAndRejections (node:internal/process/task_queues:105:5)\n    at async Connection.connectAsync (C:\\Users\\Meow_Dev\\Desktop\\SnowFlake\\node_modules\\snowflake-sdk\\lib\\connection\\connection.js:40"}
{"level":"INFO","message":"[10:07:29.177 PM]: Creating new connection object"}
{"level":"INFO","message":"[10:07:29.202 PM]: Creating Connection[id: fb0e8bc2-095e-4697-bc2c-b04d5428795d] with host: PCWGGOH-UR97942.snowflakecomputing.com, account: PCWGGOH-UR97942, accessUrl: https://PCWGGOH-UR97942.snowflakecomputing.com, user: ALJONSKI34, role: ACCOUNTADMIN, database: ACCUWEATHERSAMPLE, schema: PUBLIC, warehouse: COMPUTE_WH, proxy was not configured, password is provided, region: undefined, authenticator: SNOWFLAKE, ocsp mode: FAIL_OPEN, os: win32, os version: 10.0.19045"}
{"level":"INFO","message":"[10:07:29.204 PM]: Connection[id: fb0e8bc2-095e-4697-bc2c-b04d5428795d] additional details: passcode in password is provided, passcode is not provided, private key is not provided, application: undefined, client name: snowflake-sdk, client version: 2.0.3, retry timeout: 300, private key path: undefined, private key pass is not provided, client store temporary credential: false, browser response timeout: 120000"}
{"level":"INFO","message":"[10:07:29.206 PM]: Connection[id: fb0e8bc2-095e-4697-bc2c-b04d5428795d] - connection object created successfully."}
{"level":"INFO","message":"[10:07:29.207 PM]: Connection[id: fb0e8bc2-095e-4697-bc2c-b04d5428795d] - async connecting. Associated Snowflake domain: GLOBAL"}
{"level":"INFO","message":"[10:07:29.209 PM]: Trying to initialize Easy Logging"}
{"level":"INFO","message":"[10:07:29.219 PM]: No client config detected."}
{"level":"INFO","message":"[10:07:29.220 PM]: No config file path found. Client config will not be used."}
{"level":"INFO","message":"[10:07:29.221 PM]: Easy Logging is disabled as no config has been found"}
{"level":"INFO","message":"[10:07:29.222 PM]: Connection[id: fb0e8bc2-095e-4697-bc2c-b04d5428795d] - authentication successful using: SNOWFLAKE"}
{"level":"INFO","message":"[10:07:29.231 PM]: Connection[id: fb0e8bc2-095e-4697-bc2c-b04d5428795d] - connected successfully after 23.41199999999992 milliseconds"}
{"level":"INFO","message":"[10:08:12.448 PM]: Creating new connection object"}
{"level":"INFO","message":"[10:08:12.474 PM]: Creating Connection[id: 2ec8b356-7b96-461b-be8b-6c2dc34e3cfd] with host: PCWGGOH-UR97942.snowflakecomputing.com, account: PCWGGOH-UR97942, accessUrl: https://PCWGGOH-UR97942.snowflakecomputing.com, user: ALJONSKI34, role: ACCOUNTADMIN, database: ACCUWEATHERSAMPLE, schema: PUBLIC, warehouse: COMPUTE_WH, proxy was not configured, password is provided, region: undefined, authenticator: SNOWFLAKE, ocsp mode: FAIL_OPEN, os: win32, os version: 10.0.19045"}
{"level":"INFO","message":"[10:08:12.476 PM]: Connection[id: 2ec8b356-7b96-461b-be8b-6c2dc34e3cfd] additional details: passcode in password is provided, passcode is not provided, private key is not provided, application: undefined, client name: snowflake-sdk, client version: 2.0.3, retry timeout: 300, private key path: undefined, private key pass is not provided, client store temporary credential: false, browser response timeout: 120000"}
{"level":"INFO","message":"[10:08:12.477 PM]: Connection[id: 2ec8b356-7b96-461b-be8b-6c2dc34e3cfd] - connection object created successfully."}
{"level":"INFO","message":"[10:08:12.479 PM]: Connection[id: 2ec8b356-7b96-461b-be8b-6c2dc34e3cfd] - async connecting. Associated Snowflake domain: GLOBAL"}
{"level":"INFO","message":"[10:08:12.480 PM]: Trying to initialize Easy Logging"}
{"level":"INFO","message":"[10:08:12.492 PM]: No client config detected."}
{"level":"INFO","message":"[10:08:12.494 PM]: No config file path found. Client config will not be used."}
{"level":"INFO","message":"[10:08:12.495 PM]: Easy Logging is disabled as no config has been found"}
{"level":"INFO","message":"[10:08:12.498 PM]: Connection[id: 2ec8b356-7b96-461b-be8b-6c2dc34e3cfd] - authentication successful using: SNOWFLAKE"}
{"level":"INFO","message":"[10:08:12.509 PM]: Connection[id: 2ec8b356-7b96-461b-be8b-6c2dc34e3cfd] - connected successfully after 30.607799999999997 milliseconds"}
{"level":"INFO","message":"[10:18:26.202 PM]: Creating new connection object"}
{"level":"INFO","message":"[10:18:26.226 PM]: Creating Connection[id: 18dce6e7-a5d6-4c58-9060-d29b346db131] with host: PCWGGOH-UR97942.snowflakecomputing.com, account: PCWGGOH-UR97942, accessUrl: https://PCWGGOH-UR97942.snowflakecomputing.com, user: ALJONSKI34, role: ACCOUNTADMIN, database: ACCUWEATHERSAMPLE, schema: PUBLIC, warehouse: COMPUTE_WH, proxy was not configured, password is provided, region: undefined, authenticator: SNOWFLAKE, ocsp mode: FAIL_OPEN, os: win32, os version: 10.0.19045"}
{"level":"INFO","message":"[10:18:26.227 PM]: Connection[id: 18dce6e7-a5d6-4c58-9060-d29b346db131] additional details: passcode in password is provided, passcode is not provided, private key is not provided, application: undefined, client name: snowflake-sdk, client version: 2.0.3, retry timeout: 300, private key path: undefined, private key pass is not provided, client store temporary credential: false, browser response timeout: 120000"}
{"level":"INFO","message":"[10:18:26.229 PM]: Connection[id: 18dce6e7-a5d6-4c58-9060-d29b346db131] - connection object created successfully."}
{"level":"INFO","message":"[10:18:26.234 PM]: Connection[id: 18dce6e7-a5d6-4c58-9060-d29b346db131] - async connecting. Associated Snowflake domain: GLOBAL"}
{"level":"INFO","message":"[10:18:26.235 PM]: Trying to initialize Easy Logging"}
{"level":"INFO","message":"[10:18:26.244 PM]: No client config detected."}
{"level":"INFO","message":"[10:18:26.245 PM]: No config file path found. Client config will not be used."}
{"level":"INFO","message":"[10:18:26.249 PM]: Easy Logging is disabled as no config has been found"}
{"level":"INFO","message":"[10:18:26.253 PM]: Connection[id: 18dce6e7-a5d6-4c58-9060-d29b346db131] - authentication successful using: SNOWFLAKE"}
{"level":"INFO","message":"[10:18:26.260 PM]: Connection[id: 18dce6e7-a5d6-4c58-9060-d29b346db131] - connected successfully after 26.458900000000085 milliseconds"}
{"level":"INFO","message":"[10:18:35.479 PM]: Creating new connection object"}
{"level":"INFO","message":"[10:18:35.501 PM]: Creating Connection[id: fffb6074-3d24-45bb-95b0-e63fba2eed58] with host: PCWGGOH-UR97942.snowflakecomputing.com, account: PCWGGOH-UR97942, accessUrl: https://PCWGGOH-UR97942.snowflakecomputing.com, user: ALJONSKI34, role: ACCOUNTADMIN, database: ACCUWEATHERSAMPLE, schema: PUBLIC, warehouse: COMPUTE_WH, proxy was not configured, password is provided, region: undefined, authenticator: SNOWFLAKE, ocsp mode: FAIL_OPEN, os: win32, os version: 10.0.19045"}
{"level":"INFO","message":"[10:18:35.503 PM]: Connection[id: fffb6074-3d24-45bb-95b0-e63fba2eed58] additional details: passcode in password is provided, passcode is not provided, private key is not provided, application: undefined, client name: snowflake-sdk, client version: 2.0.3, retry timeout: 300, private key path: undefined, private key pass is not provided, client store temporary credential: false, browser response timeout: 120000"}
{"level":"INFO","message":"[10:18:35.505 PM]: Connection[id: fffb6074-3d24-45bb-95b0-e63fba2eed58] - connection object created successfully."}
{"level":"INFO","message":"[10:18:35.507 PM]: Connection[id: fffb6074-3d24-45bb-95b0-e63fba2eed58] - async connecting. Associated Snowflake domain: GLOBAL"}
{"level":"INFO","message":"[10:18:35.511 PM]: Trying to initialize Easy Logging"}
{"level":"INFO","message":"[10:18:35.525 PM]: No client config detected."}
{"level":"INFO","message":"[10:18:35.525 PM]: No config file path found. Client config will not be used."}
{"level":"INFO","message":"[10:18:35.526 PM]: Easy Logging is disabled as no config has been found"}
{"level":"INFO","message":"[10:18:35.528 PM]: Connection[id: fffb6074-3d24-45bb-95b0-e63fba2eed58] - authentication successful using: SNOWFLAKE"}
{"level":"INFO","message":"[10:18:35.537 PM]: Connection[id: fffb6074-3d24-45bb-95b0-e63fba2eed58] - connected successfully after 30.11850000000004 milliseconds"}
{"level":"INFO","message":"[12:52:14.936 AM]: Creating new connection object"}
{"level":"INFO","message":"[12:52:14.958 AM]: Creating Connection[id: 902220f6-0b17-4588-9cc4-e60b337224a6] with host: PCWGGOH-UR97942.snowflakecomputing.com, account: PCWGGOH-UR97942, accessUrl: https://PCWGGOH-UR97942.snowflakecomputing.com, user: ALJONSKI34, role: ACCOUNTADMIN, database: ACCUWEATHERSAMPLE, schema: PUBLIC, warehouse: COMPUTE_WH, proxy was not configured, password is provided, region: undefined, authenticator: SNOWFLAKE, ocsp mode: FAIL_OPEN, os: win32, os version: 10.0.19045"}
{"level":"INFO","message":"[12:52:14.959 AM]: Connection[id: 902220f6-0b17-4588-9cc4-e60b337224a6] additional details: passcode in password is provided, passcode is not provided, private key is not provided, application: undefined, client name: snowflake-sdk, client version: 2.0.3, retry timeout: 300, private key path: undefined, private key pass is not provided, client store temporary credential: false, browser response timeout: 120000"}
{"level":"INFO","message":"[12:52:14.960 AM]: Connection[id: 902220f6-0b17-4588-9cc4-e60b337224a6] - connection object created successfully."}
{"level":"INFO","message":"[12:52:14.962 AM]: Connection[id: 902220f6-0b17-4588-9cc4-e60b337224a6] - async connecting. Associated Snowflake domain: GLOBAL"}
{"level":"INFO","message":"[12:52:14.964 AM]: Trying to initialize Easy Logging"}
{"level":"INFO","message":"[12:52:14.971 AM]: No client config detected."}
{"level":"INFO","message":"[12:52:14.972 AM]: No config file path found. Client config will not be used."}
{"level":"INFO","message":"[12:52:14.972 AM]: Easy Logging is disabled as no config has been found"}
{"level":"INFO","message":"[12:52:14.973 AM]: Connection[id: 902220f6-0b17-4588-9cc4-e60b337224a6] - authentication successful using: SNOWFLAKE"}
{"level":"INFO","message":"[12:52:14.982 AM]: Connection[id: 902220f6-0b17-4588-9cc4-e60b337224a6] - connected successfully after 19.468500000000063 milliseconds"}
{"level":"INFO","message":"[12:56:56.353 AM]: Creating new connection object"}
{"level":"INFO","message":"[12:56:56.378 AM]: Creating Connection[id: 376d5648-248a-4d8e-8563-0b817de30f34] with host: PCWGGOH-UR97942.snowflakecomputing.com, account: PCWGGOH-UR97942, accessUrl: https://PCWGGOH-UR97942.snowflakecomputing.com, user: ALJONSKI34, role: ACCOUNTADMIN, database: ACCUWEATHERSAMPLE, schema: PUBLIC, warehouse: COMPUTE_WH, proxy was not configured, password is provided, region: undefined, authenticator: SNOWFLAKE, ocsp mode: FAIL_OPEN, os: win32, os version: 10.0.19045"}
{"level":"INFO","message":"[12:56:56.379 AM]: Connection[id: 376d5648-248a-4d8e-8563-0b817de30f34] additional details: passcode in password is provided, passcode is not provided, private key is not provided, application: undefined, client name: snowflake-sdk, client version: 2.0.3, retry timeout: 300, private key path: undefined, private key pass is not provided, client store temporary credential: false, browser response timeout: 120000"}
{"level":"INFO","message":"[12:56:56.380 AM]: Connection[id: 376d5648-248a-4d8e-8563-0b817de30f34] - connection object created successfully."}
{"level":"INFO","message":"[12:56:56.382 AM]: Connection[id: 376d5648-248a-4d8e-8563-0b817de30f34] - async connecting. Associated Snowflake domain: GLOBAL"}
{"level":"INFO","message":"[12:56:56.383 AM]: Trying to initialize Easy Logging"}
{"level":"INFO","message":"[12:56:56.393 AM]: No client config detected."}
{"level":"INFO","message":"[12:56:56.394 AM]: No config file path found. Client config will not be used."}
{"level":"INFO","message":"[12:56:56.395 AM]: Easy Logging is disabled as no config has been found"}
{"level":"INFO","message":"[12:56:56.396 AM]: Connection[id: 376d5648-248a-4d8e-8563-0b817de30f34] - authentication successful using: SNOWFLAKE"}
{"level":"INFO","message":"[12:56:56.403 AM]: Connection[id: 376d5648-248a-4d8e-8563-0b817de30f34] - connected successfully after 21.049699999999916 milliseconds"}
{"level":"INFO","message":"[12:58:40.019 AM]: Creating new connection object"}
{"level":"INFO","message":"[12:58:40.044 AM]: Creating Connection[id: c4508532-0699-4d3c-9c6e-62ed0e5a3df5] with host: PCWGGOH-UR97942.snowflakecomputing.com, account: PCWGGOH-UR97942, accessUrl: https://PCWGGOH-UR97942.snowflakecomputing.com, user: ALJONSKI34, role: ACCOUNTADMIN, database: ACCUWEATHERSAMPLE, schema: PUBLIC, warehouse: COMPUTE_WH, proxy was not configured, password is provided, region: undefined, authenticator: SNOWFLAKE, ocsp mode: FAIL_OPEN, os: win32, os version: 10.0.19045"}
{"level":"INFO","message":"[12:58:40.046 AM]: Connection[id: c4508532-0699-4d3c-9c6e-62ed0e5a3df5] additional details: passcode in password is provided, passcode is not provided, private key is not provided, application: undefined, client name: snowflake-sdk, client version: 2.0.3, retry timeout: 300, private key path: undefined, private key pass is not provided, client store temporary credential: false, browser response timeout: 120000"}
{"level":"INFO","message":"[12:58:40.048 AM]: Connection[id: c4508532-0699-4d3c-9c6e-62ed0e5a3df5] - connection object created successfully."}
{"level":"INFO","message":"[12:58:40.050 AM]: Connection[id: c4508532-0699-4d3c-9c6e-62ed0e5a3df5] - async connecting. Associated Snowflake domain: GLOBAL"}
{"level":"INFO","message":"[12:58:40.051 AM]: Trying to initialize Easy Logging"}
{"level":"INFO","message":"[12:58:40.057 AM]: No client config detected."}
{"level":"INFO","message":"[12:58:40.058 AM]: No config file path found. Client config will not be used."}
{"level":"INFO","message":"[12:58:40.058 AM]: Easy Logging is disabled as no config has been found"}
{"level":"INFO","message":"[12:58:40.059 AM]: Connection[id: c4508532-0699-4d3c-9c6e-62ed0e5a3df5] - authentication successful using: SNOWFLAKE"}
{"level":"INFO","message":"[12:58:40.068 AM]: Connection[id: c4508532-0699-4d3c-9c6e-62ed0e5a3df5] - connected successfully after 18.895599999999945 milliseconds"}
